GET / 500 1771 - 18.883 ms
GET / 500 1771 - 2.572 ms
GET / 200 730 - 31.282 ms
GET /public/style.css 404 155 - 2.268 ms
GET /posts 404 144 - 0.924 ms
GET /users/login 404 150 - 0.818 ms
GET /users/register 404 153 - 0.695 ms
GET /users/register 404 153 - 0.808 ms
GET /posts 404 144 - 0.596 ms
GET / 304 - - 10.844 ms
GET /public/style.css 404 155 - 0.789 ms
GET /users/login 404 150 - 0.687 ms
GET /users/login 404 150 - 0.679 ms
GET / 304 - - 11.388 ms
GET /public/style.css 404 155 - 1.077 ms
GET /users/login 404 150 - 1.503 ms
GET / 304 - - 32.511 ms
GET /public/style.css 404 155 - 2.248 ms
GET / 304 - - 9.498 ms
GET /public/style.css 404 155 - 1.231 ms
GET /users/login 404 150 - 0.734 ms
GET /users/login 404 150 - 0.833 ms
GET /posts 404 144 - 0.733 ms
GET /users/register 404 153 - 0.566 ms
GET /posts 404 144 - 1.708 ms
GET /users/login 404 150 - 0.621 ms
GET /users/register 404 153 - 0.915 ms
GET /users/register 404 153 - 0.967 ms
GET / 200 784 - 33.710 ms
GET /public/style.css 404 155 - 2.790 ms
GET / 304 - - 7.755 ms
GET /public/style.css 404 155 - 1.163 ms
GET / 304 - - 6.292 ms
GET /public/style.css 404 155 - 1.369 ms
GET / 304 - - 5.281 ms
GET /public/style.css 404 155 - 0.484 ms
GET /posts 404 144 - 0.886 ms
GET / 304 - - 4.448 ms
GET /public/style.css 404 155 - 0.536 ms
GET /users/register 404 153 - 0.603 ms
GET /users/login 404 150 - 0.780 ms
GET /posts 404 144 - 1.600 ms
GET / 304 - - 8.896 ms
GET /public/style.css 404 155 - 0.712 ms
GET / 304 - - 4.365 ms
GET /public/style.css 404 155 - 1.933 ms
GET /posts 404 144 - 0.902 ms
GET /posts 404 144 - 0.446 ms
GET / 304 - - 4.578 ms
GET /public/style.css 404 155 - 0.703 ms
GET / 200 783 - 32.156 ms
GET /public/style.css 404 155 - 2.628 ms
GET / 304 - - 6.310 ms
GET /public/style.css 404 155 - 0.976 ms
GET / 304 - - 5.994 ms
GET /public/style.css 404 155 - 0.553 ms
GET / 304 - - 4.311 ms
GET /public/style.css 404 155 - 0.518 ms
GET / 304 - - 5.812 ms
GET /public/style.css 404 155 - 0.573 ms
GET /posts 404 144 - 0.507 ms
GET / 304 - - 4.207 ms
GET /public/style.css 404 155 - 0.581 ms
GET /users/login 404 150 - 0.689 ms
GET /users/register 404 153 - 0.948 ms
GET / 304 - - 28.021 ms
GET /public/style.css 404 155 - 2.178 ms
GET / 304 - - 5.830 ms
GET /public/style.css 404 155 - 0.866 ms
GET / 304 - - 5.830 ms
GET /public/style.css 404 155 - 0.610 ms
GET /posts 404 144 - 0.605 ms
GET / 304 - - 31.892 ms
GET /public/style.css 404 155 - 2.406 ms
GET / 304 - - 6.117 ms
GET /public/style.css 404 155 - 1.018 ms
GET / 304 - - 4.406 ms
GET /public/style.css 404 155 - 0.755 ms
GET / 304 - - 4.365 ms
GET /public/style.css 404 155 - 0.490 ms
GET / 200 774 - 31.015 ms
GET /public/style.css 404 155 - 4.958 ms
GET /users/login 404 150 - 1.257 ms
GET /posts 404 144 - 0.910 ms
GET /users/register 404 153 - 0.668 ms
GET /posts 404 144 - 0.556 ms
GET / 304 - - 8.522 ms
GET /public/style.css 404 155 - 0.634 ms
GET / 304 - - 7.507 ms
GET /public/style.css 404 155 - 2.704 ms
GET /posts 404 144 - 0.655 ms
GET / 304 - - 44.904 ms
GET /public/style.css 404 16 - 1.948 ms
GET /posts 404 16 - 0.563 ms
GET /users/login 404 16 - 0.920 ms
GET /users/register 404 16 - 0.700 ms
GET /posts 404 16 - 0.573 ms
GET / 304 - - 9.741 ms
GET /public/style.css 404 16 - 0.385 ms
